  Compiling CUDA source file kernel.cu...
  
  D:\Documents\ParallelGraphColoring\Improvements\Improvement\Improvement>"C:\Program Files\NVIDIA GPU Computing Toolkit\CUDA\v10.2\bin\nvcc.exe" -gencode=arch=compute_30,code=\"sm_30,compute_30\" --use-local-env -ccbin "C:\Program Files (x86)\Microsoft Visual Studio\2019\Community\VC\Tools\MSVC\14.26.28801\bin\HostX86\x64" -x cu  -I"C:\Program Files\NVIDIA GPU Computing Toolkit\CUDA\v10.2\include" -I"C:\Program Files\NVIDIA GPU Computing Toolkit\CUDA\v10.2\include"     --keep-dir x64\Release -maxrregcount=0  --machine 64 --compile -cudart static     -DWIN32 -DWIN64 -DNDEBUG -D_CONSOLE -D_MBCS -Xcompiler "/EHsc /W3 /nologo /O2 /Fdx64\Release\vc142.pdb /FS /Zi  /MD " -o x64\Release\kernel.cu.obj "D:\Documents\ParallelGraphColoring\Improvements\Improvement\Improvement\kernel.cu" 
D:/Documents/ParallelGraphColoring/Improvements/Improvement/Improvement/kernel.cu(83): warning : variable "count" was declared but never referenced
  
D:/Documents/ParallelGraphColoring/Improvements/Improvement/Improvement/kernel.cu(277): warning : variable "coloring" was set but never used
  
D:/Documents/ParallelGraphColoring/Improvements/Improvement/Improvement/kernel.cu(545): warning : conversion from a string literal to "char *" is deprecated
  
D:/Documents/ParallelGraphColoring/Improvements/Improvement/Improvement/kernel.cu(545): warning : conversion from a string literal to "char *" is deprecated
  
D:/Documents/ParallelGraphColoring/Improvements/Improvement/Improvement/kernel.cu(546): warning : conversion from a string literal to "char *" is deprecated
  
D:/Documents/ParallelGraphColoring/Improvements/Improvement/Improvement/kernel.cu(546): warning : conversion from a string literal to "char *" is deprecated
  
D:/Documents/ParallelGraphColoring/Improvements/Improvement/Improvement/kernel.cu(546): warning : conversion from a string literal to "char *" is deprecated
  
D:/Documents/ParallelGraphColoring/Improvements/Improvement/Improvement/kernel.cu(547): warning : conversion from a string literal to "char *" is deprecated
  
D:/Documents/ParallelGraphColoring/Improvements/Improvement/Improvement/kernel.cu(547): warning : conversion from a string literal to "char *" is deprecated
  
D:/Documents/ParallelGraphColoring/Improvements/Improvement/Improvement/kernel.cu(545): warning : conversion from a string literal to "char *" is deprecated
  
D:/Documents/ParallelGraphColoring/Improvements/Improvement/Improvement/kernel.cu(545): warning : conversion from a string literal to "char *" is deprecated
  
D:/Documents/ParallelGraphColoring/Improvements/Improvement/Improvement/kernel.cu(546): warning : conversion from a string literal to "char *" is deprecated
  
D:/Documents/ParallelGraphColoring/Improvements/Improvement/Improvement/kernel.cu(546): warning : conversion from a string literal to "char *" is deprecated
  
D:/Documents/ParallelGraphColoring/Improvements/Improvement/Improvement/kernel.cu(546): warning : conversion from a string literal to "char *" is deprecated
  
D:/Documents/ParallelGraphColoring/Improvements/Improvement/Improvement/kernel.cu(547): warning : conversion from a string literal to "char *" is deprecated
  
D:/Documents/ParallelGraphColoring/Improvements/Improvement/Improvement/kernel.cu(547): warning : conversion from a string literal to "char *" is deprecated
  
  kernel.cu
D:/Documents/ParallelGraphColoring/Improvements/Improvement/Improvement/kernel.cu(183): warning C4244: 'argumento': conversión de 'unsigned __int64' a 'unsigned int'; posible pérdida de datos
D:/Documents/ParallelGraphColoring/Improvements/Improvement/Improvement/kernel.cu(211): warning C4244: 'inicializando': conversión de 'double' a 'int'; posible pérdida de datos
D:/Documents/ParallelGraphColoring/Improvements/Improvement/Improvement/kernel.cu(249): warning C4244: 'inicializando': conversión de 'double' a 'int'; posible pérdida de datos
     Creando biblioteca D:\Documents\ParallelGraphColoring\Improvements\Improvement\x64\Release\Improvement.lib y objeto D:\Documents\ParallelGraphColoring\Improvements\Improvement\x64\Release\Improvement.exp
  LINK : se especificó /LTCG pero no se requiere generación de código; quite /LTCG de la línea de comandos de vínculo para mejorar el rendimiento del vinculador
  Improvement.vcxproj -> D:\Documents\ParallelGraphColoring\Improvements\Improvement\x64\Release\Improvement.exe
